<?xml version="1.0" encoding="UTF-8"?>
<!-- Generated by org.testng.reporters.JUnitReportReporter -->
<testsuite skipped="0" hostname="LAPTOP-G5N4TP14" name="com.sugarcrm.testcases.LoginPageTest" tests="3" failures="0" timestamp="04 Aug 2018 07:42:22 GMT" time="41.957" errors="0">
  <testcase name="verifyLoginPageTitleTest" time="10.324" classname="com.sugarcrm.testcases.LoginPageTest"/>
  <testcase name="verifyCompanyLogoTest" time="12.625" classname="com.sugarcrm.testcases.LoginPageTest"/>
  <testcase name="loginTest" time="19.008" classname="com.sugarcrm.testcases.LoginPageTest"/>
</testsuite> <!-- com.sugarcrm.testcases.LoginPageTest -->
