<?xml version="1.0" encoding="UTF-8"?>
<!-- Generated by org.testng.reporters.JUnitReportReporter -->
<testsuite skipped="0" hostname="LAPTOP-G5N4TP14" name="com.sugarcrm.testcases.ProjectsPageTest" tests="1" failures="0" timestamp="13 Jul 2018 11:15:24 GMT" time="29.004" errors="0">
  <testcase name="createProjectsTest" time="29.004" classname="com.sugarcrm.testcases.ProjectsPageTest"/>
</testsuite> <!-- com.sugarcrm.testcases.ProjectsPageTest -->
