<?xml version="1.0" encoding="UTF-8"?>
<!-- Generated by org.testng.reporters.JUnitReportReporter -->
<testsuite skipped="0" hostname="LAPTOP-G5N4TP14" name="com.sugarcrm.testcases.TasksPageTest" tests="1" failures="0" timestamp="13 Jul 2018 07:33:28 GMT" time="41.478" errors="0">
  <testcase name="createTasks" time="41.478" classname="com.sugarcrm.testcases.TasksPageTest"/>
</testsuite> <!-- com.sugarcrm.testcases.TasksPageTest -->
