<?xml version="1.0" encoding="UTF-8"?>
<!-- Generated by org.testng.reporters.JUnitReportReporter -->
<testsuite skipped="0" hostname="LAPTOP-G5N4TP14" name="com.sugarcrm.testcases.LoginPageTest" tests="3" failures="0" timestamp="11 Jul 2018 09:06:19 GMT" time="61.542" errors="0">
  <testcase name="loginTest" time="26.345" classname="com.sugarcrm.testcases.LoginPageTest"/>
  <testcase name="verifyLoginPageTitleTest" time="17.761" classname="com.sugarcrm.testcases.LoginPageTest"/>
  <testcase name="verifyCompanyLogoTest" time="17.436" classname="com.sugarcrm.testcases.LoginPageTest"/>
</testsuite> <!-- com.sugarcrm.testcases.LoginPageTest -->
