<?xml version="1.0" encoding="UTF-8"?>
<!-- Generated by org.testng.reporters.JUnitReportReporter -->
<testsuite skipped="0" hostname="LAPTOP-G5N4TP14" name="com.sugarcrm.testcases.HomepageTest" tests="5" failures="0" timestamp="14 Jul 2018 10:57:56 GMT" time="112.768" errors="0">
  <testcase name="verifyPageTitleTest" time="23.601" classname="com.sugarcrm.testcases.HomepageTest"/>
  <testcase name="verifyUserName" time="23.439" classname="com.sugarcrm.testcases.HomepageTest"/>
  <testcase name="verifyMarketingLinkTest" time="22.216" classname="com.sugarcrm.testcases.HomepageTest"/>
  <testcase name="verifySalesLinkTest" time="23.241" classname="com.sugarcrm.testcases.HomepageTest"/>
  <testcase name="verifySupportLinkTest" time="20.271" classname="com.sugarcrm.testcases.HomepageTest"/>
</testsuite> <!-- com.sugarcrm.testcases.HomepageTest -->
