<?xml version="1.0" encoding="UTF-8"?>
<!-- Generated by org.testng.reporters.JUnitReportReporter -->
<testsuite skipped="0" hostname="LAPTOP-G5N4TP14" name="com.sugarcrm.testcases.LoginPageTest" tests="1" failures="0" timestamp="11 Jul 2018 10:29:04 GMT" time="50.078" errors="0">
  <testcase name="loginTest" time="50.078" classname="com.sugarcrm.testcases.LoginPageTest"/>
</testsuite> <!-- com.sugarcrm.testcases.LoginPageTest -->
