<?xml version="1.0" encoding="UTF-8"?>
<!-- Generated by org.testng.reporters.JUnitReportReporter -->
<testsuite skipped="0" hostname="LAPTOP-G5N4TP14" name="com.sugarcrm.testcases.LeadsPageTest" tests="1" failures="0" timestamp="11 Jul 2018 11:55:23 GMT" time="32.053" errors="0">
  <testcase name="createLeadsTest" time="32.053" classname="com.sugarcrm.testcases.LeadsPageTest"/>
</testsuite> <!-- com.sugarcrm.testcases.LeadsPageTest -->
