<?xml version="1.0" encoding="UTF-8"?>
<!-- Generated by org.testng.reporters.JUnitReportReporter -->
<testsuite skipped="0" hostname="LAPTOP-G5N4TP14" name="com.sugarcrm.testcases.HomepageTest" tests="1" failures="0" timestamp="11 Jul 2018 10:29:04 GMT" time="33.805" errors="0">
  <testcase name="verifyPageTitleTest" time="33.805" classname="com.sugarcrm.testcases.HomepageTest"/>
</testsuite> <!-- com.sugarcrm.testcases.HomepageTest -->
